0 info it worked if it ends with ok
1 verbose cli [ '/usr/local/bin/node',
1 verbose cli   '/usr/local/bin/npm',
1 verbose cli   'install',
1 verbose cli   'mysql' ]
2 info using npm@6.4.1
3 info using node@v8.12.0
4 verbose config Skipping project config: /root/.npmrc. (matches userconfig)
5 verbose npm-session 770389926d1d8918
6 silly install loadCurrentTree
7 silly install readLocalPackageData
8 silly fetchPackageMetaData error for mysql@latest request to https://registry.npmjs.org/mysql failed, reason: getaddrinfo EAI_AGAIN registry.npmjs.org:443
9 timing stage:rollbackFailedOptional Completed in 3ms
10 timing stage:runTopLevelLifecycles Completed in 40199ms
11 verbose type system
12 verbose stack FetchError: request to https://registry.npmjs.org/mysql failed, reason: getaddrinfo EAI_AGAIN registry.npmjs.org:443
12 verbose stack     at ClientRequest.req.on.err (/usr/local/lib/node_modules/npm/node_modules/node-fetch-npm/src/index.js:68:14)
12 verbose stack     at emitOne (events.js:116:13)
12 verbose stack     at ClientRequest.emit (events.js:211:7)
12 verbose stack     at TLSSocket.socketErrorListener (_http_client.js:387:9)
12 verbose stack     at emitOne (events.js:116:13)
12 verbose stack     at TLSSocket.emit (events.js:211:7)
12 verbose stack     at emitErrorNT (internal/streams/destroy.js:66:8)
12 verbose stack     at _combinedTickCallback (internal/process/next_tick.js:139:11)
12 verbose stack     at process._tickCallback (internal/process/next_tick.js:181:9)
13 verbose cwd /root
14 verbose Linux 4.15.0-46-generic
15 verbose argv "/usr/local/bin/node" "/usr/local/bin/npm" "install" "mysql"
16 verbose node v8.12.0
17 verbose npm  v6.4.1
18 error code EAI_AGAIN
19 error errno EAI_AGAIN
20 error request to https://registry.npmjs.org/mysql failed, reason: getaddrinfo EAI_AGAIN registry.npmjs.org:443
21 verbose exit [ 1, true ]
